<?xml version="1.0" encoding="UTF-8"?>
<!-- Generated by org.testng.reporters.JUnitReportReporter -->
<testsuite hostname="10812-LAP-0334" failures="0" tests="1" name="com.cucumberframework.options.TestNGTestRunner" time="19.069" errors="0" timestamp="2023-09-27T17:03:30 IST" skipped="0">
  <testcase classname="com.cucumberframework.options.TestNGTestRunner" name="runScenario" time="19.069"/>
</testsuite> <!-- com.cucumberframework.options.TestNGTestRunner -->
